Using pre-set license
Built from '2020.3/staging' branch; Version is '2020.3.24f1 (79c78de19888) revision 7980941'; Using compiler version '192528614'; Build Type 'Release'
OS: 'Windows 10  (10.0.19044) 64bit CoreSingleLanguage' Language: 'tr' Physical Memory: 12188 MB
BatchMode: 1, IsHumanControllingUs: 0, StartBugReporterOnCrash: 0, Is64bit: 1, IsPro: 0

COMMAND LINE ARGUMENTS:
C:\Program Files\Unity\Hub\Editor\Unity 2020.3.24f1\Editor\Unity.exe
-adb2
-batchMode
-noUpm
-name
AssetImportWorker0
-projectPath
C:/Users/mylls/Desktop/GameOGraph/DesignPatternsTestArea/DesignPatterns
-logFile
Logs/AssetImportWorker0.log
-srvPort
58021
Successfully changed project path to: C:/Users/mylls/Desktop/GameOGraph/DesignPatternsTestArea/DesignPatterns
C:/Users/mylls/Desktop/GameOGraph/DesignPatternsTestArea/DesignPatterns
Using Asset Import Pipeline V2.
Refreshing native plugins compatible for Editor in 67.49 ms, found 2 plugins.
Preloading 0 native plugins for Editor in 0.00 ms.
Initialize engine version: 2020.3.24f1 (79c78de19888)
[Subsystems] Discovering subsystems at path C:/Program Files/Unity/Hub/Editor/Unity 2020.3.24f1/Editor/Data/Resources/UnitySubsystems
[Subsystems] Discovering subsystems at path C:/Users/mylls/Desktop/GameOGraph/DesignPatternsTestArea/DesignPatterns/Assets
GfxDevice: creating device client; threaded=0
Direct3D:
    Version:  Direct3D 11.0 [level 11.0]
    Renderer: NVIDIA GeForce GTX 950M (ID=0x139a)
    Vendor:   
    VRAM:     4055 MB
    Driver:   27.21.14.5709
Initialize mono
Mono path[0] = 'C:/Program Files/Unity/Hub/Editor/Unity 2020.3.24f1/Editor/Data/Managed'
Mono path[1] = 'C:/Program Files/Unity/Hub/Editor/Unity 2020.3.24f1/Editor/Data/MonoBleedingEdge/lib/mono/unityjit'
Mono config path = 'C:/Program Files/Unity/Hub/Editor/Unity 2020.3.24f1/Editor/Data/MonoBleedingEdge/etc'
Using monoOptions --debugger-agent=transport=dt_socket,embedding=1,server=y,suspend=n,address=127.0.0.1:56044
Begin MonoManager ReloadAssembly
Registering precompiled unity dll's ...
Register platform support module: C:/Program Files/Unity/Hub/Editor/Unity 2020.3.24f1/Editor/Data/PlaybackEngines/WindowsStandaloneSupport/UnityEditor.WindowsStandalone.Extensions.dll
Registered in 0.002137 seconds.
Native extension for WindowsStandalone target not found
Refreshing native plugins compatible for Editor in 44.60 ms, found 2 plugins.
Preloading 0 native plugins for Editor in 0.00 ms.
Mono: successfully reloaded assembly
- Completed reload, in  0.679 seconds
Domain Reload Profiling:
	ReloadAssembly (679ms)
		BeginReloadAssembly (65ms)
			ExecutionOrderSort (0ms)
			DisableScriptedObjects (0ms)
			BackupInstance (0ms)
			ReleaseScriptingObjects (0ms)
			CreateAndSetChildDomain (1ms)
		EndReloadAssembly (530ms)
			LoadAssemblies (62ms)
			RebuildTransferFunctionScriptingTraits (0ms)
			SetupTypeCache (176ms)
			ReleaseScriptCaches (0ms)
			RebuildScriptCaches (37ms)
			SetupLoadedEditorAssemblies (197ms)
				LogAssemblyErrors (0ms)
				InitializePlatformSupportModulesInManaged (7ms)
				SetLoadedEditorAssemblies (0ms)
				RefreshPlugins (45ms)
				BeforeProcessingInitializeOnLoad (14ms)
				ProcessInitializeOnLoadAttributes (97ms)
				ProcessInitializeOnLoadMethodAttributes (33ms)
				AfterProcessingInitializeOnLoad (0ms)
				EditorAssembliesLoaded (0ms)
			ExecutionOrderSort2 (0ms)
			AwakeInstancesAfterBackupRestoration (0ms)
Platform modules already initialized, skipping
Registering precompiled user dll's ...
Registered in 0.006708 seconds.
Begin MonoManager ReloadAssembly
Native extension for WindowsStandalone target not found
Refreshing native plugins compatible for Editor in 0.47 ms, found 2 plugins.
Preloading 0 native plugins for Editor in 0.00 ms.
Mono: successfully reloaded assembly
- Completed reload, in  1.194 seconds
Domain Reload Profiling:
	ReloadAssembly (1194ms)
		BeginReloadAssembly (176ms)
			ExecutionOrderSort (0ms)
			DisableScriptedObjects (5ms)
			BackupInstance (0ms)
			ReleaseScriptingObjects (0ms)
			CreateAndSetChildDomain (25ms)
		EndReloadAssembly (945ms)
			LoadAssemblies (101ms)
			RebuildTransferFunctionScriptingTraits (0ms)
			SetupTypeCache (339ms)
			ReleaseScriptCaches (0ms)
			RebuildScriptCaches (46ms)
			SetupLoadedEditorAssemblies (354ms)
				LogAssemblyErrors (0ms)
				InitializePlatformSupportModulesInManaged (6ms)
				SetLoadedEditorAssemblies (1ms)
				RefreshPlugins (1ms)
				BeforeProcessingInitializeOnLoad (119ms)
				ProcessInitializeOnLoadAttributes (211ms)
				ProcessInitializeOnLoadMethodAttributes (11ms)
				AfterProcessingInitializeOnLoad (7ms)
				EditorAssembliesLoaded (0ms)
			ExecutionOrderSort2 (0ms)
			AwakeInstancesAfterBackupRestoration (7ms)
Platform modules already initialized, skipping
========================================================================
Worker process is ready to serve import requests
Launched and connected shader compiler UnityShaderCompiler.exe after 0.27 seconds
Refreshing native plugins compatible for Editor in 0.45 ms, found 2 plugins.
Preloading 0 native plugins for Editor in 0.00 ms.
Unloading 1535 Unused Serialized files (Serialized files now loaded: 0)
System memory in use before: 83.7 MB.
System memory in use after: 83.8 MB.

Unloading 19 unused Assets to reduce memory usage. Loaded Objects now: 1985.
Total: 3.583300 ms (FindLiveObjects: 0.200400 ms CreateObjectMapping: 0.069200 ms MarkObjects: 3.212300 ms  DeleteObjects: 0.100000 ms)

AssetImportParameters requested are different than current active one (requested -> active):
  custom:framework-win-MediaFoundation: 216162199b28c13a410421893ffa2e32 -> 
  custom:video-decoder-ogg-theora: a1e56fd34408186e4bbccfd4996cb3dc -> 
  custom:container-muxer-webm: aa71ff27fc2769a1b78a27578f13a17b -> 
  custom:container-demuxer-webm: 4f35f7cbe854078d1ac9338744f61a02 -> 
  custom:container-demuxer-ogg: 62fdf1f143b41e24485cea50d1cbac27 -> 
  custom:video-encoder-webm-vp8: eb34c28f22e8b96e1ab97ce403110664 -> 
  custom:video-decoder-webm-vp8: 9c59270c3fd7afecdb556c50c9e8de78 -> 
  custom:audio-decoder-ogg-vorbis: bf7c407c2cedff20999df2af8eb42d56 -> 
  custom:audio-encoder-webm-vorbis: bf7c407c2cedff20999df2af8eb42d56 -> 
========================================================================
Received Import Request.
  path: Assets/OserverPattern/Materials/PlayerMat.mat
  artifactKey: Guid(bb94380d2c9f8ec49a4beaf36bce7590) Importer(815301076,1909f56bfc062723c751e8b465ee728b)
Start importing Assets/OserverPattern/Materials/PlayerMat.mat using Guid(bb94380d2c9f8ec49a4beaf36bce7590) Importer(815301076,1909f56bfc062723c751e8b465ee728b)  -> (artifact id: '31f4c806a20350a5823256be99e62c55') in 1.021017 seconds 
  Import took 1.035615 seconds .

========================================================================
Received Import Request.
  Time since last request: 0.000839 seconds.
  path: Assets/OserverPattern/Materials/GroundMat.mat
  artifactKey: Guid(59b0bf1752be91945b8f64527c6e2a1d) Importer(815301076,1909f56bfc062723c751e8b465ee728b)
Start importing Assets/OserverPattern/Materials/GroundMat.mat using Guid(59b0bf1752be91945b8f64527c6e2a1d) Importer(815301076,1909f56bfc062723c751e8b465ee728b)  -> (artifact id: 'ca8089e89dc58415dc1d9d571bdf74cc') in 0.068568 seconds 
  Import took 0.098343 seconds .

========================================================================
Received Import Request.
  Time since last request: 0.000340 seconds.
  path: Assets/ObjectPooling/Prefab/Asteroid.prefab
  artifactKey: Guid(02b4782c900de734aa03e0908219a9de) Importer(815301076,1909f56bfc062723c751e8b465ee728b)
Start importing Assets/ObjectPooling/Prefab/Asteroid.prefab using Guid(02b4782c900de734aa03e0908219a9de) Importer(815301076,1909f56bfc062723c751e8b465ee728b)  -> (artifact id: 'e956981f13643f73f0ee55d8b7dfe1fb') in 0.447566 seconds 
  Import took 0.524217 seconds .

========================================================================
Received Import Request.
  Time since last request: 0.000585 seconds.
  path: Assets/ObjectPooling/Prefab/BulletPrefab.prefab
  artifactKey: Guid(d9bf30137e9f3f24e9f1131c3ea77fb8) Importer(815301076,1909f56bfc062723c751e8b465ee728b)
Start importing Assets/ObjectPooling/Prefab/BulletPrefab.prefab using Guid(d9bf30137e9f3f24e9f1131c3ea77fb8) Importer(815301076,1909f56bfc062723c751e8b465ee728b)  -> (artifact id: 'fbc476b3817e0d70ac841b8fa94676ce') in 0.125909 seconds 
  Import took 0.148565 seconds .

========================================================================
Received Import Request.
  Time since last request: 0.000328 seconds.
  path: Assets/OserverPattern/Materials/CoinMat.mat
  artifactKey: Guid(2717b86ccc8321f40a386ff6a8cd4305) Importer(815301076,1909f56bfc062723c751e8b465ee728b)
Start importing Assets/OserverPattern/Materials/CoinMat.mat using Guid(2717b86ccc8321f40a386ff6a8cd4305) Importer(815301076,1909f56bfc062723c751e8b465ee728b)  -> (artifact id: '4440a3add3a2ceb99ec41dcfcce61e88') in 0.103832 seconds 
  Import took 0.110648 seconds .

========================================================================
Received Import Request.
  Time since last request: 8.395184 seconds.
  path: Assets/People/Brutius.fbx
  artifactKey: Guid(28b9d4414d24c4fddb2bdbdae494d017) Importer(815301076,1909f56bfc062723c751e8b465ee728b)
Start importing Assets/People/Brutius.fbx using Guid(28b9d4414d24c4fddb2bdbdae494d017) Importer(815301076,1909f56bfc062723c751e8b465ee728b)  -> (artifact id: '961ff9243c869b8737cdf107cdc97d35') in 2.008706 seconds 
  Import took 2.044425 seconds .

========================================================================
Received Import Request.
  Time since last request: 0.000409 seconds.
  path: Assets/People/Male_1.fbx
  artifactKey: Guid(7d775aa96cfc246c9b8ce7029a885938) Importer(815301076,1909f56bfc062723c751e8b465ee728b)
Start importing Assets/People/Male_1.fbx using Guid(7d775aa96cfc246c9b8ce7029a885938) Importer(815301076,1909f56bfc062723c751e8b465ee728b)  -> (artifact id: '49732d41d5e33b4442ad483c1fbbcb22') in 0.540367 seconds 
  Import took 0.557693 seconds .

========================================================================
Received Import Request.
  Time since last request: 0.000278 seconds.
  path: Assets/People/Girl_1.fbx
  artifactKey: Guid(99bbb97e7b9c34ae6bd8c3fc34dbc6f0) Importer(815301076,1909f56bfc062723c751e8b465ee728b)
Start importing Assets/People/Girl_1.fbx using Guid(99bbb97e7b9c34ae6bd8c3fc34dbc6f0) Importer(815301076,1909f56bfc062723c751e8b465ee728b)  -> (artifact id: '3f99db22e0c2be344bb9d74a093ddbc8') in 0.850279 seconds 
  Import took 0.872634 seconds .

========================================================================
Received Import Request.
  Time since last request: 0.000347 seconds.
  path: Assets/People/Girl_3.fbx
  artifactKey: Guid(24a4f034039cd4f8db3d911d9422b571) Importer(815301076,1909f56bfc062723c751e8b465ee728b)
Start importing Assets/People/Girl_3.fbx using Guid(24a4f034039cd4f8db3d911d9422b571) Importer(815301076,1909f56bfc062723c751e8b465ee728b)  -> (artifact id: 'd9aded396fb7692a33e9fa690c923a79') in 0.676539 seconds 
  Import took 0.696192 seconds .

========================================================================
Received Import Request.
  Time since last request: 0.000555 seconds.
  path: Assets/People/FunkeyMonkey.fbx
  artifactKey: Guid(e414cffd20d1c4c9387b91a1d2b20ddf) Importer(815301076,1909f56bfc062723c751e8b465ee728b)
Start importing Assets/People/FunkeyMonkey.fbx using Guid(e414cffd20d1c4c9387b91a1d2b20ddf) Importer(815301076,1909f56bfc062723c751e8b465ee728b)  -> (artifact id: 'de8ace72f9748f1eb9c9cdcf905a2854') in 0.835072 seconds 
  Import took 0.850942 seconds .

========================================================================
Received Import Request.
  Time since last request: 0.000483 seconds.
  path: Assets/People/Girl_2.fbx
  artifactKey: Guid(56b0baa3aaae042b6aff80aa8e7cc807) Importer(815301076,1909f56bfc062723c751e8b465ee728b)
Start importing Assets/People/Girl_2.fbx using Guid(56b0baa3aaae042b6aff80aa8e7cc807) Importer(815301076,1909f56bfc062723c751e8b465ee728b)  -> (artifact id: '95e8455d947b21553509eb659fc2fe9e') in 0.739383 seconds 
  Import took 0.745000 seconds .

========================================================================
Received Import Request.
  Time since last request: 0.000308 seconds.
  path: Assets/People/regina@Dwarf Idle.fbx
  artifactKey: Guid(d0d06a9868d674df2a52ecf984148026) Importer(815301076,1909f56bfc062723c751e8b465ee728b)
Start importing Assets/People/regina@Dwarf Idle.fbx using Guid(d0d06a9868d674df2a52ecf984148026) Importer(815301076,1909f56bfc062723c751e8b465ee728b)  -> (artifact id: 'dd6fd0d1f48e77fc90e237fb9a19b638') in 1.981565 seconds 
  Import took 2.169102 seconds .

========================================================================
Received Import Request.
  Time since last request: 0.000364 seconds.
  path: Assets/People/Male_3.fbx
  artifactKey: Guid(76101ab1057434476a8453baaeadd4a2) Importer(815301076,1909f56bfc062723c751e8b465ee728b)
Start importing Assets/People/Male_3.fbx using Guid(76101ab1057434476a8453baaeadd4a2) Importer(815301076,1909f56bfc062723c751e8b465ee728b)  -> (artifact id: '309a8a6cbc5601c064376c5aff90d895') in 0.809245 seconds 
  Import took 0.838276 seconds .

========================================================================
Received Import Request.
  Time since last request: 0.000321 seconds.
  path: Assets/People/Girl_5.fbx
  artifactKey: Guid(d7ff0367464744cceabbcfbc93030ccc) Importer(815301076,1909f56bfc062723c751e8b465ee728b)
Start importing Assets/People/Girl_5.fbx using Guid(d7ff0367464744cceabbcfbc93030ccc) Importer(815301076,1909f56bfc062723c751e8b465ee728b)  -> (artifact id: 'd2a5278ffdd9e714c4dc3c36725272d8') in 0.709074 seconds 
  Import took 0.753980 seconds .

========================================================================
Received Import Request.
  Time since last request: 0.000290 seconds.
  path: Assets/People/regina@Walking.fbx
  artifactKey: Guid(c0f1a1b0003294606a60b27bc0439c9d) Importer(815301076,1909f56bfc062723c751e8b465ee728b)
Start importing Assets/People/regina@Walking.fbx using Guid(c0f1a1b0003294606a60b27bc0439c9d) Importer(815301076,1909f56bfc062723c751e8b465ee728b)  -> (artifact id: '3fd881b33c6a76c6746eed4e7a0a1765') in 0.595752 seconds 
  Import took 0.600439 seconds .

========================================================================
Received Import Request.
  Time since last request: 0.000324 seconds.
  path: Assets/People/regina@Running.fbx
  artifactKey: Guid(d120b0527078941adb954650829126a1) Importer(815301076,1909f56bfc062723c751e8b465ee728b)
Start importing Assets/People/regina@Running.fbx using Guid(d120b0527078941adb954650829126a1) Importer(815301076,1909f56bfc062723c751e8b465ee728b)  -> (artifact id: '1af9ea5593716ff5415891f701bcb9c8') in 0.265040 seconds 
  Import took 0.268581 seconds .

========================================================================
Received Import Request.
  Time since last request: 1.739338 seconds.
  path: Assets/Packages/Easter_UI/eggs/egg.png
  artifactKey: Guid(b5bc4936a2f367d4aaca61a2002130d0) Importer(815301076,1909f56bfc062723c751e8b465ee728b)
Start importing Assets/Packages/Easter_UI/eggs/egg.png using Guid(b5bc4936a2f367d4aaca61a2002130d0) Importer(815301076,1909f56bfc062723c751e8b465ee728b)  -> (artifact id: 'dbfc31cbbeab7966d5fd8d6d014ad172') in 0.673381 seconds 
  Import took 0.714265 seconds .

========================================================================
Received Import Request.
  Time since last request: 0.000281 seconds.
  path: Assets/Packages/Easter_UI/eggs/Icon_egg_06.png
  artifactKey: Guid(d0a3f678692b5fc4586fb9288fe198ce) Importer(815301076,1909f56bfc062723c751e8b465ee728b)
Start importing Assets/Packages/Easter_UI/eggs/Icon_egg_06.png using Guid(d0a3f678692b5fc4586fb9288fe198ce) Importer(815301076,1909f56bfc062723c751e8b465ee728b)  -> (artifact id: 'bfc0e91124009b305f82bf5387aecc31') in 0.118785 seconds 
  Import took 0.123532 seconds .

========================================================================
Received Import Request.
  Time since last request: 0.000226 seconds.
  path: Assets/Packages/Easter_UI/eggs/Icon_egg_04.png
  artifactKey: Guid(592b4af6de11e374c9106bba887e982a) Importer(815301076,1909f56bfc062723c751e8b465ee728b)
Start importing Assets/Packages/Easter_UI/eggs/Icon_egg_04.png using Guid(592b4af6de11e374c9106bba887e982a) Importer(815301076,1909f56bfc062723c751e8b465ee728b)  -> (artifact id: '1072f8d56a648d5cdc4e03e61148132d') in 0.070531 seconds 
  Import took 0.083636 seconds .

========================================================================
Received Import Request.
  Time since last request: 0.000230 seconds.
  path: Assets/Packages/Easter_UI/eggs/Icon_egg_27.png
  artifactKey: Guid(007c5e31d02b1cf4ebabef660018a4f3) Importer(815301076,1909f56bfc062723c751e8b465ee728b)
Start importing Assets/Packages/Easter_UI/eggs/Icon_egg_27.png using Guid(007c5e31d02b1cf4ebabef660018a4f3) Importer(815301076,1909f56bfc062723c751e8b465ee728b)  -> (artifact id: 'a6d64ba90f520aa34a1c2864a070821b') in 0.077655 seconds 
  Import took 0.099536 seconds .

========================================================================
Received Import Request.
  Time since last request: 0.000302 seconds.
  path: Assets/Packages/Easter_UI/eggs/Icon_egg_07.png
  artifactKey: Guid(08e716da1a171c243a1952c1ace40c52) Importer(815301076,1909f56bfc062723c751e8b465ee728b)
Start importing Assets/Packages/Easter_UI/eggs/Icon_egg_07.png using Guid(08e716da1a171c243a1952c1ace40c52) Importer(815301076,1909f56bfc062723c751e8b465ee728b)  -> (artifact id: '0e1b8fde88bdc3310dacfab259a9a0ac') in 0.135700 seconds 
  Import took 0.140532 seconds .

========================================================================
Received Import Request.
  Time since last request: 0.000328 seconds.
  path: Assets/Packages/Easter_UI/eggs/Icon_egg_15.png
  artifactKey: Guid(737742980dea5644a9c5945dac8d900c) Importer(815301076,1909f56bfc062723c751e8b465ee728b)
Start importing Assets/Packages/Easter_UI/eggs/Icon_egg_15.png using Guid(737742980dea5644a9c5945dac8d900c) Importer(815301076,1909f56bfc062723c751e8b465ee728b)  -> (artifact id: '538fdcd5bdd84947ed0b94c9f9fe5fff') in 0.131374 seconds 
  Import took 0.288090 seconds .

========================================================================
Received Import Request.
  Time since last request: 0.000250 seconds.
  path: Assets/Packages/Easter_UI/eggs/Icon_egg_12.png
  artifactKey: Guid(79d2df4582e3a9f488b1cdbce5b546e2) Importer(815301076,1909f56bfc062723c751e8b465ee728b)
Start importing Assets/Packages/Easter_UI/eggs/Icon_egg_12.png using Guid(79d2df4582e3a9f488b1cdbce5b546e2) Importer(815301076,1909f56bfc062723c751e8b465ee728b)  -> (artifact id: '25885b4958a7a0e1998a750896bac8a0') in 0.073569 seconds 
  Import took 0.077153 seconds .

========================================================================
Received Import Request.
  Time since last request: 0.000271 seconds.
  path: Assets/Packages/Easter_UI/eggs/Icon_egg_26.png
  artifactKey: Guid(8cda3e411f5a5bb419d2b8892056cad7) Importer(815301076,1909f56bfc062723c751e8b465ee728b)
Start importing Assets/Packages/Easter_UI/eggs/Icon_egg_26.png using Guid(8cda3e411f5a5bb419d2b8892056cad7) Importer(815301076,1909f56bfc062723c751e8b465ee728b)  -> (artifact id: '7514f36584c38f633a51f8b6df01c8a5') in 0.044562 seconds 
  Import took 0.071830 seconds .

========================================================================
Received Import Request.
  Time since last request: 0.000247 seconds.
  path: Assets/Packages/Easter_UI/eggs/Icon_egg_21.png
  artifactKey: Guid(2008860ac85cb16478f473c9177798ea) Importer(815301076,1909f56bfc062723c751e8b465ee728b)
Start importing Assets/Packages/Easter_UI/eggs/Icon_egg_21.png using Guid(2008860ac85cb16478f473c9177798ea) Importer(815301076,1909f56bfc062723c751e8b465ee728b)  -> (artifact id: '906ddae9ef87a1b28f8bb586c7e50cf4') in 0.061830 seconds 
  Import took 0.064953 seconds .

========================================================================
Received Import Request.
  Time since last request: 0.000407 seconds.
  path: Assets/Packages/Easter_UI/eggs/Icon_egg_17.png
  artifactKey: Guid(32ad3acbe2e32504c8057756952822c8) Importer(815301076,1909f56bfc062723c751e8b465ee728b)
Start importing Assets/Packages/Easter_UI/eggs/Icon_egg_17.png using Guid(32ad3acbe2e32504c8057756952822c8) Importer(815301076,1909f56bfc062723c751e8b465ee728b)  -> (artifact id: '27b1d50f4d36c36e77ca5782f0b45380') in 0.102402 seconds 
  Import took 0.122305 seconds .

========================================================================
Received Import Request.
  Time since last request: 0.000287 seconds.
  path: Assets/Packages/Easter_UI/eggs/Icon_egg_28.png
  artifactKey: Guid(d786210d5d7ec7e498caae840b81ec2b) Importer(815301076,1909f56bfc062723c751e8b465ee728b)
Start importing Assets/Packages/Easter_UI/eggs/Icon_egg_28.png using Guid(d786210d5d7ec7e498caae840b81ec2b) Importer(815301076,1909f56bfc062723c751e8b465ee728b)  -> (artifact id: 'aa07e857618be1ad6ee1d70933a5af12') in 0.081009 seconds 
  Import took 0.097341 seconds .

========================================================================
Received Import Request.
  Time since last request: 0.000240 seconds.
  path: Assets/Packages/Easter_UI/eggs/Icon_egg_10.png
  artifactKey: Guid(3538879f672edef439ad35c7daade8dc) Importer(815301076,1909f56bfc062723c751e8b465ee728b)
Start importing Assets/Packages/Easter_UI/eggs/Icon_egg_10.png using Guid(3538879f672edef439ad35c7daade8dc) Importer(815301076,1909f56bfc062723c751e8b465ee728b)  -> (artifact id: 'd812cd1e0dd6c01f0d4dbde262d989fd') in 0.061098 seconds 
  Import took 0.085052 seconds .

========================================================================
Received Import Request.
  Time since last request: 0.000291 seconds.
  path: Assets/Packages/Easter_UI/eggs/Icon_egg_11.png
  artifactKey: Guid(39c9f64b6ec39124b91a7fd50673142c) Importer(815301076,1909f56bfc062723c751e8b465ee728b)
Start importing Assets/Packages/Easter_UI/eggs/Icon_egg_11.png using Guid(39c9f64b6ec39124b91a7fd50673142c) Importer(815301076,1909f56bfc062723c751e8b465ee728b)  -> (artifact id: 'dca82e99566d71a1171363dfab51ed24') in 0.075283 seconds 
  Import took 0.078142 seconds .

========================================================================
Received Import Request.
  Time since last request: 0.000243 seconds.
  path: Assets/Packages/Easter_UI/eggs/Icon_egg_14.png
  artifactKey: Guid(b1c86ba0a5db6c949a31f5725b1b345d) Importer(815301076,1909f56bfc062723c751e8b465ee728b)
Start importing Assets/Packages/Easter_UI/eggs/Icon_egg_14.png using Guid(b1c86ba0a5db6c949a31f5725b1b345d) Importer(815301076,1909f56bfc062723c751e8b465ee728b)  -> (artifact id: '604dcfc01f33b72eb1e2f74d1b0ac04c') in 0.054456 seconds 
  Import took 0.074884 seconds .

========================================================================
Received Import Request.
  Time since last request: 0.000330 seconds.
  path: Assets/Packages/Easter_UI/eggs/Icon_egg_19.png
  artifactKey: Guid(e605ce17ddf5a6346bed8dde23208d62) Importer(815301076,1909f56bfc062723c751e8b465ee728b)
Start importing Assets/Packages/Easter_UI/eggs/Icon_egg_19.png using Guid(e605ce17ddf5a6346bed8dde23208d62) Importer(815301076,1909f56bfc062723c751e8b465ee728b)  -> (artifact id: 'cf6d6dbdd4bcf73e4eba1595129de240') in 0.055007 seconds 
  Import took 0.058126 seconds .

========================================================================
Received Import Request.
  Time since last request: 0.000239 seconds.
  path: Assets/Packages/Easter_UI/eggs/Icon_egg_25.png
  artifactKey: Guid(efbf9b67fb5aece499a51cc29d08fced) Importer(815301076,1909f56bfc062723c751e8b465ee728b)
Start importing Assets/Packages/Easter_UI/eggs/Icon_egg_25.png using Guid(efbf9b67fb5aece499a51cc29d08fced) Importer(815301076,1909f56bfc062723c751e8b465ee728b)  -> (artifact id: '64c5bb3abb61e0c6c3cdeb5514e7d189') in 0.058794 seconds 
  Import took 0.096303 seconds .

========================================================================
Received Import Request.
  Time since last request: 0.000306 seconds.
  path: Assets/Packages/Easter_UI/eggs/Icon_egg_29.png
  artifactKey: Guid(00673fdc9361de248b9c4e2e9ac818d5) Importer(815301076,1909f56bfc062723c751e8b465ee728b)
Start importing Assets/Packages/Easter_UI/eggs/Icon_egg_29.png using Guid(00673fdc9361de248b9c4e2e9ac818d5) Importer(815301076,1909f56bfc062723c751e8b465ee728b)  -> (artifact id: 'aa21821893debe272862c26374208372') in 0.057653 seconds 
  Import took 0.060699 seconds .

========================================================================
Received Import Request.
  Time since last request: 0.000271 seconds.
  path: Assets/Packages/Easter_UI/eggs/Icon_egg_24.png
  artifactKey: Guid(2337a86b1deb7b94ca10ccf4f5a6066c) Importer(815301076,1909f56bfc062723c751e8b465ee728b)
Start importing Assets/Packages/Easter_UI/eggs/Icon_egg_24.png using Guid(2337a86b1deb7b94ca10ccf4f5a6066c) Importer(815301076,1909f56bfc062723c751e8b465ee728b)  -> (artifact id: '820e7fdccbb5a88991150e5a72a014fd') in 0.041124 seconds 
  Import took 0.058693 seconds .

========================================================================
Received Import Request.
  Time since last request: 0.000263 seconds.
  path: Assets/Packages/Easter_UI/eggs/Icon_egg_18.png
  artifactKey: Guid(ca1c47a78abdfaa4a9c748e2f5688736) Importer(815301076,1909f56bfc062723c751e8b465ee728b)
Start importing Assets/Packages/Easter_UI/eggs/Icon_egg_18.png using Guid(ca1c47a78abdfaa4a9c748e2f5688736) Importer(815301076,1909f56bfc062723c751e8b465ee728b)  -> (artifact id: '2f7bcc3e46d842b65bf6302f097eccfc') in 0.067100 seconds 
  Import took 0.080098 seconds .

========================================================================
Received Import Request.
  Time since last request: 0.000235 seconds.
  path: Assets/Packages/Easter_UI/eggs/Icon_egg_09.png
  artifactKey: Guid(3cea72d89f005694098253797711baed) Importer(815301076,1909f56bfc062723c751e8b465ee728b)
Start importing Assets/Packages/Easter_UI/eggs/Icon_egg_09.png using Guid(3cea72d89f005694098253797711baed) Importer(815301076,1909f56bfc062723c751e8b465ee728b)  -> (artifact id: 'e5c5e5bfb604889bff4f963850d93274') in 0.060742 seconds 
  Import took 0.063731 seconds .

========================================================================
Received Import Request.
  Time since last request: 0.000288 seconds.
  path: Assets/Packages/Easter_UI/eggs/Icon_egg_13.png
  artifactKey: Guid(db46ddee7a9bc1f44a1153eca5eea08b) Importer(815301076,1909f56bfc062723c751e8b465ee728b)
Start importing Assets/Packages/Easter_UI/eggs/Icon_egg_13.png using Guid(db46ddee7a9bc1f44a1153eca5eea08b) Importer(815301076,1909f56bfc062723c751e8b465ee728b)  -> (artifact id: '595563b006d24db2de51f3a9e95332f9') in 0.045569 seconds 
  Import took 0.076746 seconds .

========================================================================
Received Import Request.
  Time since last request: 0.000349 seconds.
  path: Assets/Packages/Easter_UI/eggs/Icon_egg_16.png
  artifactKey: Guid(a16f109c492c7ee4a865f266792ea605) Importer(815301076,1909f56bfc062723c751e8b465ee728b)
Start importing Assets/Packages/Easter_UI/eggs/Icon_egg_16.png using Guid(a16f109c492c7ee4a865f266792ea605) Importer(815301076,1909f56bfc062723c751e8b465ee728b)  -> (artifact id: 'f624760961e34045cbf3ad5b422dfbcb') in 0.073703 seconds 
  Import took 0.090015 seconds .

========================================================================
Received Import Request.
  Time since last request: 0.000288 seconds.
  path: Assets/Packages/Easter_UI/eggs/Icon_egg_30.png
  artifactKey: Guid(11b41da00a3a48d4da26b4be377e424e) Importer(815301076,1909f56bfc062723c751e8b465ee728b)
Start importing Assets/Packages/Easter_UI/eggs/Icon_egg_30.png using Guid(11b41da00a3a48d4da26b4be377e424e) Importer(815301076,1909f56bfc062723c751e8b465ee728b)  -> (artifact id: '2ebe016d739c9e6dcb259faeff3117ed') in 0.055185 seconds 
  Import took 0.074229 seconds .

========================================================================
Received Import Request.
  Time since last request: 0.000308 seconds.
  path: Assets/Packages/Easter_UI/eggs/Icon_egg_22.png
  artifactKey: Guid(cc872f9a83d022c4cb8ac5596462626b) Importer(815301076,1909f56bfc062723c751e8b465ee728b)
Start importing Assets/Packages/Easter_UI/eggs/Icon_egg_22.png using Guid(cc872f9a83d022c4cb8ac5596462626b) Importer(815301076,1909f56bfc062723c751e8b465ee728b)  -> (artifact id: '9292dd711dfdc8cd79899a9683848178') in 0.052072 seconds 
  Import took 0.078071 seconds .

========================================================================
Received Import Request.
  Time since last request: 0.000388 seconds.
  path: Assets/Packages/Easter_UI/eggs/Icon_egg_20.png
  artifactKey: Guid(86b74199bef26df46beb264de777b99a) Importer(815301076,1909f56bfc062723c751e8b465ee728b)
Start importing Assets/Packages/Easter_UI/eggs/Icon_egg_20.png using Guid(86b74199bef26df46beb264de777b99a) Importer(815301076,1909f56bfc062723c751e8b465ee728b)  -> (artifact id: '8fe97eb6d9530c1042bde456473ac25f') in 0.046917 seconds 
  Import took 0.068070 seconds .

========================================================================
Received Import Request.
  Time since last request: 0.000293 seconds.
  path: Assets/Packages/Easter_UI/eggs/Icon_egg_05.png
  artifactKey: Guid(c6a96f45381824b4b84e463f176397f3) Importer(815301076,1909f56bfc062723c751e8b465ee728b)
Start importing Assets/Packages/Easter_UI/eggs/Icon_egg_05.png using Guid(c6a96f45381824b4b84e463f176397f3) Importer(815301076,1909f56bfc062723c751e8b465ee728b)  -> (artifact id: '7cae3015c1cbd686324ceb9b18f82de8') in 0.066812 seconds 
  Import took 0.080890 seconds .

========================================================================
Received Import Request.
  Time since last request: 0.000350 seconds.
  path: Assets/Packages/Easter_UI/eggs/Icon_egg_01.png
  artifactKey: Guid(98c84a46b49dccd448c98da40935095d) Importer(815301076,1909f56bfc062723c751e8b465ee728b)
Start importing Assets/Packages/Easter_UI/eggs/Icon_egg_01.png using Guid(98c84a46b49dccd448c98da40935095d) Importer(815301076,1909f56bfc062723c751e8b465ee728b)  -> (artifact id: 'a59626631f9240235cb71733d3ea302c') in 0.067419 seconds 
  Import took 0.093401 seconds .

========================================================================
Received Import Request.
  Time since last request: 0.000278 seconds.
  path: Assets/Packages/Easter_UI/eggs/Icon_egg_08.png
  artifactKey: Guid(a05b49416599c934b8320ad9e3ab3948) Importer(815301076,1909f56bfc062723c751e8b465ee728b)
Start importing Assets/Packages/Easter_UI/eggs/Icon_egg_08.png using Guid(a05b49416599c934b8320ad9e3ab3948) Importer(815301076,1909f56bfc062723c751e8b465ee728b)  -> (artifact id: '2acf8ac1f9abbd6ddc8bc7d685251b32') in 0.055451 seconds 
  Import took 0.058657 seconds .

========================================================================
Received Import Request.
  Time since last request: 0.000353 seconds.
  path: Assets/Packages/Easter_UI/eggs/Icon_egg_23.png
  artifactKey: Guid(b3da497094357744bb7c5f11ff145df0) Importer(815301076,1909f56bfc062723c751e8b465ee728b)
Start importing Assets/Packages/Easter_UI/eggs/Icon_egg_23.png using Guid(b3da497094357744bb7c5f11ff145df0) Importer(815301076,1909f56bfc062723c751e8b465ee728b)  -> (artifact id: '6a2abd1830490cc71de22f94acbfb0b9') in 0.065882 seconds 
  Import took 0.070085 seconds .

========================================================================
Received Import Request.
  Time since last request: 76.409455 seconds.
  path: Assets/FlyweightPattern/Scenes/World.unity
  artifactKey: Guid(16ada3ec9d93a45169979fdf4117aab9) Importer(815301076,1909f56bfc062723c751e8b465ee728b)
Start importing Assets/FlyweightPattern/Scenes/World.unity using Guid(16ada3ec9d93a45169979fdf4117aab9) Importer(815301076,1909f56bfc062723c751e8b465ee728b)  -> (artifact id: 'adb36aa27f0073d5c3018c4b28492790') in 0.013415 seconds 
  Import took 0.039895 seconds .

========================================================================
Received Import Request.
  Time since last request: 402.875939 seconds.
  path: Assets/FlyweightPattern/Scripts/Obstacles/PlantData.cs
  artifactKey: Guid(c1370434bbb3f344dbb9b32e57133774) Importer(815301076,1909f56bfc062723c751e8b465ee728b)
Start importing Assets/FlyweightPattern/Scripts/Obstacles/PlantData.cs using Guid(c1370434bbb3f344dbb9b32e57133774) Importer(815301076,1909f56bfc062723c751e8b465ee728b)  -> (artifact id: '1c428bab3b710eb17e531b28e1abea95') in 0.252779 seconds 
  Import took 0.274570 seconds .

========================================================================
Received Import Request.
  Time since last request: 46.998399 seconds.
  path: Assets/FlyweightPattern/Scripts/Obstacles/Plant.cs
  artifactKey: Guid(e06c569f693eab4499f4a1fec6ae4958) Importer(815301076,1909f56bfc062723c751e8b465ee728b)
Start importing Assets/FlyweightPattern/Scripts/Obstacles/Plant.cs using Guid(e06c569f693eab4499f4a1fec6ae4958) Importer(815301076,1909f56bfc062723c751e8b465ee728b)  -> (artifact id: '9bc3bbbc0e7862bd0234c28ae2b21d36') in 0.029917 seconds 
  Import took 0.053920 seconds .

========================================================================
Received Import Request.
  Time since last request: 62.166111 seconds.
  path: Assets/FlyweightPattern/Packages/3D Game Kit - Environment Pack/Environment/Ground
  artifactKey: Guid(500031060ff61be4384df40ce925c9df) Importer(815301076,1909f56bfc062723c751e8b465ee728b)
Start importing Assets/FlyweightPattern/Packages/3D Game Kit - Environment Pack/Environment/Ground using Guid(500031060ff61be4384df40ce925c9df) Importer(815301076,1909f56bfc062723c751e8b465ee728b)  -> (artifact id: 'ee9460cbb09a0a52ffe9a525faca3df8') in 0.013329 seconds 
  Import took 0.052050 seconds .

========================================================================
Received Import Request.
  Time since last request: 1.737049 seconds.
  path: Assets/FlyweightPattern/Packages/3D Game Kit - Environment Pack/Environment/Ground/Textures
  artifactKey: Guid(cf9706c3652056341b04f812be449b74) Importer(815301076,1909f56bfc062723c751e8b465ee728b)
Start importing Assets/FlyweightPattern/Packages/3D Game Kit - Environment Pack/Environment/Ground/Textures using Guid(cf9706c3652056341b04f812be449b74) Importer(815301076,1909f56bfc062723c751e8b465ee728b)  -> (artifact id: '6e9c65c258d09deae6a1b3bdb7ceab7a') in 0.040919 seconds 
  Import took 0.060021 seconds .

========================================================================
Received Import Request.
  Time since last request: 0.000526 seconds.
  path: Assets/FlyweightPattern/Packages/3D Game Kit - Environment Pack/Environment/Ground/Textures/Moss_Albedo.tif
  artifactKey: Guid(fd467bbf94d53bb499d3c3075cb021c9) Importer(815301076,1909f56bfc062723c751e8b465ee728b)
Start importing Assets/FlyweightPattern/Packages/3D Game Kit - Environment Pack/Environment/Ground/Textures/Moss_Albedo.tif using Guid(fd467bbf94d53bb499d3c3075cb021c9) Importer(815301076,1909f56bfc062723c751e8b465ee728b)  -> (artifact id: '012f2ad50831a29a85eea7907d5bdcd2') in 0.239460 seconds 
  Import took 0.272657 seconds .

========================================================================
Received Prepare
Registering precompiled user dll's ...
Registered in 0.005246 seconds.
Begin MonoManager ReloadAssembly
Native extension for WindowsStandalone target not found
Refreshing native plugins compatible for Editor in 0.43 ms, found 2 plugins.
Preloading 0 native plugins for Editor in 0.00 ms.
Mono: successfully reloaded assembly
- Completed reload, in  1.138 seconds
Domain Reload Profiling:
	ReloadAssembly (1140ms)
		BeginReloadAssembly (131ms)
			ExecutionOrderSort (0ms)
			DisableScriptedObjects (4ms)
			BackupInstance (0ms)
			ReleaseScriptingObjects (0ms)
			CreateAndSetChildDomain (39ms)
		EndReloadAssembly (933ms)
			LoadAssemblies (93ms)
			RebuildTransferFunctionScriptingTraits (0ms)
			SetupTypeCache (314ms)
			ReleaseScriptCaches (1ms)
			RebuildScriptCaches (48ms)
			SetupLoadedEditorAssemblies (363ms)
				LogAssemblyErrors (0ms)
				InitializePlatformSupportModulesInManaged (5ms)
				SetLoadedEditorAssemblies (1ms)
				RefreshPlugins (1ms)
				BeforeProcessingInitializeOnLoad (104ms)
				ProcessInitializeOnLoadAttributes (235ms)
				ProcessInitializeOnLoadMethodAttributes (11ms)
				AfterProcessingInitializeOnLoad (7ms)
				EditorAssembliesLoaded (0ms)
			ExecutionOrderSort2 (0ms)
			AwakeInstancesAfterBackupRestoration (7ms)
Platform modules already initialized, skipping
Refreshing native plugins compatible for Editor in 0.53 ms, found 2 plugins.
Preloading 0 native plugins for Editor in 0.00 ms.
Unloading 1528 Unused Serialized files (Serialized files now loaded: 0)
System memory in use before: 101.1 MB.
System memory in use after: 101.2 MB.

Unloading 14 unused Assets to reduce memory usage. Loaded Objects now: 2033.
Total: 3.083100 ms (FindLiveObjects: 0.205500 ms CreateObjectMapping: 0.070100 ms MarkObjects: 2.773900 ms  DeleteObjects: 0.032400 ms)

AssetImportParameters requested are different than current active one (requested -> active):
  custom:framework-win-MediaFoundation: 216162199b28c13a410421893ffa2e32 -> 
  custom:video-decoder-ogg-theora: a1e56fd34408186e4bbccfd4996cb3dc -> 
  custom:container-muxer-webm: aa71ff27fc2769a1b78a27578f13a17b -> 
  custom:container-demuxer-webm: 4f35f7cbe854078d1ac9338744f61a02 -> 
  custom:container-demuxer-ogg: 62fdf1f143b41e24485cea50d1cbac27 -> 
  custom:video-encoder-webm-vp8: eb34c28f22e8b96e1ab97ce403110664 -> 
  custom:video-decoder-webm-vp8: 9c59270c3fd7afecdb556c50c9e8de78 -> 
  custom:audio-decoder-ogg-vorbis: bf7c407c2cedff20999df2af8eb42d56 -> 
  custom:audio-encoder-webm-vorbis: bf7c407c2cedff20999df2af8eb42d56 -> 
========================================================================
Received Prepare
Registering precompiled user dll's ...
Registered in 0.846624 seconds.
Begin MonoManager ReloadAssembly
Native extension for WindowsStandalone target not found
Refreshing native plugins compatible for Editor in 0.43 ms, found 2 plugins.
Preloading 0 native plugins for Editor in 0.00 ms.
Mono: successfully reloaded assembly
- Completed reload, in  1.386 seconds
Domain Reload Profiling:
	ReloadAssembly (1388ms)
		BeginReloadAssembly (406ms)
			ExecutionOrderSort (0ms)
			DisableScriptedObjects (12ms)
			BackupInstance (0ms)
			ReleaseScriptingObjects (0ms)
			CreateAndSetChildDomain (216ms)
		EndReloadAssembly (907ms)
			LoadAssemblies (181ms)
			RebuildTransferFunctionScriptingTraits (0ms)
			SetupTypeCache (313ms)
			ReleaseScriptCaches (1ms)
			RebuildScriptCaches (51ms)
			SetupLoadedEditorAssemblies (329ms)
				LogAssemblyErrors (0ms)
				InitializePlatformSupportModulesInManaged (5ms)
				SetLoadedEditorAssemblies (1ms)
				RefreshPlugins (1ms)
				BeforeProcessingInitializeOnLoad (107ms)
				ProcessInitializeOnLoadAttributes (197ms)
				ProcessInitializeOnLoadMethodAttributes (10ms)
				AfterProcessingInitializeOnLoad (9ms)
				EditorAssembliesLoaded (0ms)
			ExecutionOrderSort2 (0ms)
			AwakeInstancesAfterBackupRestoration (7ms)
Platform modules already initialized, skipping
Refreshing native plugins compatible for Editor in 0.56 ms, found 2 plugins.
Preloading 0 native plugins for Editor in 0.00 ms.
Unloading 1528 Unused Serialized files (Serialized files now loaded: 0)
System memory in use before: 101.1 MB.
System memory in use after: 101.2 MB.

Unloading 14 unused Assets to reduce memory usage. Loaded Objects now: 2035.
Total: 3.341700 ms (FindLiveObjects: 0.190900 ms CreateObjectMapping: 0.061000 ms MarkObjects: 3.045300 ms  DeleteObjects: 0.042600 ms)

AssetImportParameters requested are different than current active one (requested -> active):
  custom:framework-win-MediaFoundation: 216162199b28c13a410421893ffa2e32 -> 
  custom:video-decoder-ogg-theora: a1e56fd34408186e4bbccfd4996cb3dc -> 
  custom:container-muxer-webm: aa71ff27fc2769a1b78a27578f13a17b -> 
  custom:container-demuxer-webm: 4f35f7cbe854078d1ac9338744f61a02 -> 
  custom:container-demuxer-ogg: 62fdf1f143b41e24485cea50d1cbac27 -> 
  custom:video-encoder-webm-vp8: eb34c28f22e8b96e1ab97ce403110664 -> 
  custom:video-decoder-webm-vp8: 9c59270c3fd7afecdb556c50c9e8de78 -> 
  custom:audio-decoder-ogg-vorbis: bf7c407c2cedff20999df2af8eb42d56 -> 
  custom:audio-encoder-webm-vorbis: bf7c407c2cedff20999df2af8eb42d56 -> 
========================================================================
Received Import Request.
  Time since last request: 473984.091062 seconds.
  path: Assets/FlyweightPattern/Scripts/UI/MessageController.cs
  artifactKey: Guid(8ec23d253c986894a99023925269ca3c) Importer(815301076,1909f56bfc062723c751e8b465ee728b)
Start importing Assets/FlyweightPattern/Scripts/UI/MessageController.cs using Guid(8ec23d253c986894a99023925269ca3c) Importer(815301076,1909f56bfc062723c751e8b465ee728b)  -> (artifact id: 'e8e90a68baefa13107bd49093a03f49d') in 2.352640 seconds 
  Import took 3.416923 seconds .

========================================================================
Received Import Request.
  Time since last request: 39.437485 seconds.
  path: Assets/FlyweightPattern/Models/Chomper.prefab
  artifactKey: Guid(e17c4699589284ad2a7b7b1e7d8cfcb2) Importer(815301076,1909f56bfc062723c751e8b465ee728b)
Start importing Assets/FlyweightPattern/Models/Chomper.prefab using Guid(e17c4699589284ad2a7b7b1e7d8cfcb2) Importer(815301076,1909f56bfc062723c751e8b465ee728b) Diagnostics callstack to track who triggered the sub-import:
0x00007ff797418412 (Unity) ImporterAssetResolver::ResolveAsset
0x00007ff7973e3a72 (Unity) ResolveArtifactV2
0x00007ff7974033f0 (Unity) ImportToObjects
0x00007ff7974027f8 (Unity) ImportAsset
0x00007ff797364408 (Unity) AssetImportWorker::Import
0x00007ff7973b81fa (Unity) <lambda_bc460064e1fa47f4de661f7cf652321c>::operator()
0x00007ff79745bfc2 (Unity) asio::detail::completion_handler<core::mutable_function<void __cdecl(void)> >::do_complete
0x00007ff79745e120 (Unity) asio::detail::win_iocp_io_service::do_one
0x00007ff7974618ae (Unity) asio::io_service::run
0x00007ff7973e478b (Unity) RunAssetImportWorkerClientV2
0x00007ff7973e47e0 (Unity) RunAssetImporterV2
0x00007ff79689c746 (Unity) Application::InitializeProject
0x00007ff797253452 (Unity) WinMain
0x00007ff799004416 (Unity) __scrt_common_main_seh
0x00007ff821957034 (KERNEL32) BaseThreadInitThunk
0x00007ff823602651 (ntdll) RtlUserThreadStart

Requesting import of Guid(e17c4699589284ad2a7b7b1e7d8cfcb2) Importer(-1,00000000000000000000000000000000), Assets/FlyweightPattern/Models/Chomper.prefab from editor
Resuming Guid(e17c4699589284ad2a7b7b1e7d8cfcb2) Importer(-1,00000000000000000000000000000000) -> 3b137cd09a46f85ffe33abaeba7fb5e2 
Assertion failed on expression: 'state.state == kUpToDate'
Assertion failed on expression: 'state.artifactID == result'
Diagnostics callstack to track who triggered the sub-import:
0x00007ff797418412 (Unity) ImporterAssetResolver::ResolveAsset
0x00007ff7973e3a72 (Unity) ResolveArtifactV2
0x00007ff7973da7b1 (Unity) ProduceArtifactV2
0x00007ff7973293ee (Unity) AssetDatabase::ProduceArtifact
0x00007ff79730e588 (Unity) PreviewImporter::GenerateAssetData
0x00007ff7974037b9 (Unity) ImportToObjects
0x00007ff7974027f8 (Unity) ImportAsset
0x00007ff797364408 (Unity) AssetImportWorker::Import
0x00007ff7973b81fa (Unity) <lambda_bc460064e1fa47f4de661f7cf652321c>::operator()
0x00007ff79745bfc2 (Unity) asio::detail::completion_handler<core::mutable_function<void __cdecl(void)> >::do_complete
0x00007ff79745e120 (Unity) asio::detail::win_iocp_io_service::do_one
0x00007ff7974618ae (Unity) asio::io_service::run
0x00007ff7973e478b (Unity) RunAssetImportWorkerClientV2
0x00007ff7973e47e0 (Unity) RunAssetImporterV2
0x00007ff79689c746 (Unity) Application::InitializeProject
0x00007ff797253452 (Unity) WinMain
0x00007ff799004416 (Unity) __scrt_common_main_seh
0x00007ff821957034 (KERNEL32) BaseThreadInitThunk
0x00007ff823602651 (ntdll) RtlUserThreadStart

Requesting import of Guid(e17c4699589284ad2a7b7b1e7d8cfcb2) Importer(-1,00000000000000000000000000000000), Assets/FlyweightPattern/Models/Chomper.prefab from editor
Resuming Guid(e17c4699589284ad2a7b7b1e7d8cfcb2) Importer(-1,00000000000000000000000000000000) -> 3b137cd09a46f85ffe33abaeba7fb5e2 
Assertion failed on expression: 'state.state == kUpToDate'
Assertion failed on expression: 'state.artifactID == result'
 -> (artifact id: 'ddfed9579f17e947336f410395bdfca0') in 288.735331 seconds 
  Import took 288.801948 seconds .

