Using pre-set license
Built from '2020.3/staging' branch; Version is '2020.3.24f1 (79c78de19888) revision 7980941'; Using compiler version '192528614'; Build Type 'Release'
OS: 'Windows 10  (10.0.19044) 64bit CoreSingleLanguage' Language: 'tr' Physical Memory: 12188 MB
BatchMode: 1, IsHumanControllingUs: 0, StartBugReporterOnCrash: 0, Is64bit: 1, IsPro: 0

COMMAND LINE ARGUMENTS:
C:\Program Files\Unity\Hub\Editor\Unity 2020.3.24f1\Editor\Unity.exe
-adb2
-batchMode
-noUpm
-name
AssetImportWorker1
-projectPath
C:/Users/mylls/Desktop/GameOGraph/DesignPatternsTestArea/DesignPatterns
-logFile
Logs/AssetImportWorker1.log
-srvPort
56292
Successfully changed project path to: C:/Users/mylls/Desktop/GameOGraph/DesignPatternsTestArea/DesignPatterns
C:/Users/mylls/Desktop/GameOGraph/DesignPatternsTestArea/DesignPatterns
Using Asset Import Pipeline V2.
Refreshing native plugins compatible for Editor in 65.37 ms, found 2 plugins.
Preloading 0 native plugins for Editor in 0.00 ms.
Initialize engine version: 2020.3.24f1 (79c78de19888)
[Subsystems] Discovering subsystems at path C:/Program Files/Unity/Hub/Editor/Unity 2020.3.24f1/Editor/Data/Resources/UnitySubsystems
[Subsystems] Discovering subsystems at path C:/Users/mylls/Desktop/GameOGraph/DesignPatternsTestArea/DesignPatterns/Assets
GfxDevice: creating device client; threaded=0
Direct3D:
    Version:  Direct3D 11.0 [level 11.0]
    Renderer: NVIDIA GeForce GTX 950M (ID=0x139a)
    Vendor:   
    VRAM:     4055 MB
    Driver:   27.21.14.5709
Initialize mono
Mono path[0] = 'C:/Program Files/Unity/Hub/Editor/Unity 2020.3.24f1/Editor/Data/Managed'
Mono path[1] = 'C:/Program Files/Unity/Hub/Editor/Unity 2020.3.24f1/Editor/Data/MonoBleedingEdge/lib/mono/unityjit'
Mono config path = 'C:/Program Files/Unity/Hub/Editor/Unity 2020.3.24f1/Editor/Data/MonoBleedingEdge/etc'
Using monoOptions --debugger-agent=transport=dt_socket,embedding=1,server=y,suspend=n,address=127.0.0.1:56404
Begin MonoManager ReloadAssembly
Registering precompiled unity dll's ...
Register platform support module: C:/Program Files/Unity/Hub/Editor/Unity 2020.3.24f1/Editor/Data/PlaybackEngines/WindowsStandaloneSupport/UnityEditor.WindowsStandalone.Extensions.dll
Registered in 0.002653 seconds.
Native extension for WindowsStandalone target not found
Refreshing native plugins compatible for Editor in 48.70 ms, found 2 plugins.
Preloading 0 native plugins for Editor in 0.00 ms.
Mono: successfully reloaded assembly
- Completed reload, in  1.687 seconds
Domain Reload Profiling:
	ReloadAssembly (1688ms)
		BeginReloadAssembly (69ms)
			ExecutionOrderSort (0ms)
			DisableScriptedObjects (0ms)
			BackupInstance (0ms)
			ReleaseScriptingObjects (0ms)
			CreateAndSetChildDomain (1ms)
		EndReloadAssembly (1160ms)
			LoadAssemblies (66ms)
			RebuildTransferFunctionScriptingTraits (0ms)
			SetupTypeCache (623ms)
			ReleaseScriptCaches (0ms)
			RebuildScriptCaches (41ms)
			SetupLoadedEditorAssemblies (313ms)
				LogAssemblyErrors (0ms)
				InitializePlatformSupportModulesInManaged (7ms)
				SetLoadedEditorAssemblies (0ms)
				RefreshPlugins (49ms)
				BeforeProcessingInitializeOnLoad (15ms)
				ProcessInitializeOnLoadAttributes (94ms)
				ProcessInitializeOnLoadMethodAttributes (148ms)
				AfterProcessingInitializeOnLoad (0ms)
				EditorAssembliesLoaded (0ms)
			ExecutionOrderSort2 (0ms)
			AwakeInstancesAfterBackupRestoration (0ms)
Platform modules already initialized, skipping
Registering precompiled user dll's ...
Registered in 0.007431 seconds.
Begin MonoManager ReloadAssembly
Native extension for WindowsStandalone target not found
Refreshing native plugins compatible for Editor in 0.39 ms, found 2 plugins.
Preloading 0 native plugins for Editor in 0.00 ms.
Mono: successfully reloaded assembly
- Completed reload, in  1.418 seconds
Domain Reload Profiling:
	ReloadAssembly (1419ms)
		BeginReloadAssembly (179ms)
			ExecutionOrderSort (0ms)
			DisableScriptedObjects (5ms)
			BackupInstance (0ms)
			ReleaseScriptingObjects (0ms)
			CreateAndSetChildDomain (23ms)
		EndReloadAssembly (1154ms)
			LoadAssemblies (115ms)
			RebuildTransferFunctionScriptingTraits (0ms)
			SetupTypeCache (432ms)
			ReleaseScriptCaches (1ms)
			RebuildScriptCaches (55ms)
			SetupLoadedEditorAssemblies (434ms)
				LogAssemblyErrors (0ms)
				InitializePlatformSupportModulesInManaged (5ms)
				SetLoadedEditorAssemblies (1ms)
				RefreshPlugins (0ms)
				BeforeProcessingInitializeOnLoad (109ms)
				ProcessInitializeOnLoadAttributes (297ms)
				ProcessInitializeOnLoadMethodAttributes (10ms)
				AfterProcessingInitializeOnLoad (11ms)
				EditorAssembliesLoaded (0ms)
			ExecutionOrderSort2 (0ms)
			AwakeInstancesAfterBackupRestoration (7ms)
Platform modules already initialized, skipping
========================================================================
Worker process is ready to serve import requests
Launched and connected shader compiler UnityShaderCompiler.exe after 0.72 seconds
Refreshing native plugins compatible for Editor in 0.36 ms, found 2 plugins.
Preloading 0 native plugins for Editor in 0.00 ms.
Unloading 1533 Unused Serialized files (Serialized files now loaded: 0)
System memory in use before: 83.8 MB.
System memory in use after: 83.8 MB.

Unloading 19 unused Assets to reduce memory usage. Loaded Objects now: 1983.
Total: 2.950900 ms (FindLiveObjects: 0.182600 ms CreateObjectMapping: 0.061500 ms MarkObjects: 2.603200 ms  DeleteObjects: 0.102100 ms)

AssetImportParameters requested are different than current active one (requested -> active):
  custom:framework-win-MediaFoundation: 216162199b28c13a410421893ffa2e32 -> 
  custom:video-decoder-ogg-theora: a1e56fd34408186e4bbccfd4996cb3dc -> 
  custom:container-muxer-webm: aa71ff27fc2769a1b78a27578f13a17b -> 
  custom:container-demuxer-webm: 4f35f7cbe854078d1ac9338744f61a02 -> 
  custom:container-demuxer-ogg: 62fdf1f143b41e24485cea50d1cbac27 -> 
  custom:video-encoder-webm-vp8: eb34c28f22e8b96e1ab97ce403110664 -> 
  custom:video-decoder-webm-vp8: 9c59270c3fd7afecdb556c50c9e8de78 -> 
  custom:audio-decoder-ogg-vorbis: bf7c407c2cedff20999df2af8eb42d56 -> 
  custom:audio-encoder-webm-vorbis: bf7c407c2cedff20999df2af8eb42d56 -> 
========================================================================
Received Import Request.
  path: Assets/Scenes/SampleScene.unity
  artifactKey: Guid(99c9720ab356a0642a771bea13969a05) Importer(815301076,1909f56bfc062723c751e8b465ee728b)
Start importing Assets/Scenes/SampleScene.unity using Guid(99c9720ab356a0642a771bea13969a05) Importer(815301076,1909f56bfc062723c751e8b465ee728b)  -> (artifact id: '6fa5e60b21c6f0118099df100bc588be') in 0.024517 seconds 
  Import took 0.028042 seconds .

========================================================================
Received Import Request.
  Time since last request: 19.515824 seconds.
  path: Assets/TheStateMachine
  artifactKey: Guid(42617a5ee5a5d2d40ba3e837309c1ecc) Importer(815301076,1909f56bfc062723c751e8b465ee728b)
Start importing Assets/TheStateMachine using Guid(42617a5ee5a5d2d40ba3e837309c1ecc) Importer(815301076,1909f56bfc062723c751e8b465ee728b)  -> (artifact id: '4878b4484ac13569196dface4a1c5eda') in 0.014072 seconds 
  Import took 0.017105 seconds .

========================================================================
Received Import Request.
  Time since last request: 17.388448 seconds.
  path: Assets/TheStateMachine/Scenes
  artifactKey: Guid(c3efba1d0516bb8428b0cc044baa7977) Importer(815301076,1909f56bfc062723c751e8b465ee728b)
Start importing Assets/TheStateMachine/Scenes using Guid(c3efba1d0516bb8428b0cc044baa7977) Importer(815301076,1909f56bfc062723c751e8b465ee728b)  -> (artifact id: '8953072733a04c51ee9a453d1d670ba8') in 0.013664 seconds 
  Import took 0.017190 seconds .

========================================================================
Received Import Request.
  Time since last request: 5.910674 seconds.
  path: Assets/TheStateMachine/scripts
  artifactKey: Guid(7af12ca1c01d1c949a6ef83268d3c07b) Importer(815301076,1909f56bfc062723c751e8b465ee728b)
Start importing Assets/TheStateMachine/scripts using Guid(7af12ca1c01d1c949a6ef83268d3c07b) Importer(815301076,1909f56bfc062723c751e8b465ee728b)  -> (artifact id: 'ce8988cfe51c7e33d7bc789a2161a92c') in 0.012194 seconds 
  Import took 0.031749 seconds .

========================================================================
Received Import Request.
  Time since last request: 7.179223 seconds.
  path: Assets/TheStateMachine/Scripts
  artifactKey: Guid(7af12ca1c01d1c949a6ef83268d3c07b) Importer(815301076,1909f56bfc062723c751e8b465ee728b)
Start importing Assets/TheStateMachine/Scripts using Guid(7af12ca1c01d1c949a6ef83268d3c07b) Importer(815301076,1909f56bfc062723c751e8b465ee728b)  -> (artifact id: '0bf70dc241abb2952acbbff05e694de9') in 0.010085 seconds 
  Import took 0.016013 seconds .

========================================================================
Received Import Request.
  Time since last request: 12.860667 seconds.
  path: Assets/TheStateMachine/Scenes/TheStateMachines.unity
  artifactKey: Guid(74efd3e5c0321c2498ccd6a1383d4618) Importer(815301076,1909f56bfc062723c751e8b465ee728b)
Start importing Assets/TheStateMachine/Scenes/TheStateMachines.unity using Guid(74efd3e5c0321c2498ccd6a1383d4618) Importer(815301076,1909f56bfc062723c751e8b465ee728b)  -> (artifact id: '248ea961db5f10cf6138850047543ee0') in 0.014396 seconds 
  Import took 0.019882 seconds .

========================================================================
Received Import Request.
  Time since last request: 115.379186 seconds.
  path: Assets/ThePrototypePattern
  artifactKey: Guid(9789d0256f5b23f4798f3a6b391dd082) Importer(815301076,1909f56bfc062723c751e8b465ee728b)
Start importing Assets/ThePrototypePattern using Guid(9789d0256f5b23f4798f3a6b391dd082) Importer(815301076,1909f56bfc062723c751e8b465ee728b)  -> (artifact id: '841f1166747a868b3d484ea2fa29831c') in 0.006840 seconds 
  Import took 0.010193 seconds .

========================================================================
Received Import Request.
  Time since last request: 59.012977 seconds.
  path: Assets/TheSingleton
  artifactKey: Guid(818a9467527c07041a3b8b159a5db236) Importer(815301076,1909f56bfc062723c751e8b465ee728b)
Start importing Assets/TheSingleton using Guid(818a9467527c07041a3b8b159a5db236) Importer(815301076,1909f56bfc062723c751e8b465ee728b)  -> (artifact id: '44fc5cff16cee3343494fd2afa9a42b3') in 0.013544 seconds 
  Import took 0.017219 seconds .

========================================================================
Received Import Request.
  Time since last request: 157.540931 seconds.
  path: Assets/TheSingleton/Scenes
  artifactKey: Guid(d8dbbae56bc378a45ac122834a0816a6) Importer(815301076,1909f56bfc062723c751e8b465ee728b)
Start importing Assets/TheSingleton/Scenes using Guid(d8dbbae56bc378a45ac122834a0816a6) Importer(815301076,1909f56bfc062723c751e8b465ee728b)  -> (artifact id: 'a218aba8c83256691b8a02d7476d59ef') in 0.006173 seconds 
  Import took 0.012406 seconds .

========================================================================
Received Import Request.
  Time since last request: 6.219837 seconds.
  path: Assets/TheSingleton/Packages
  artifactKey: Guid(1a63ffd9c8af9b8488126f2ce974a6e0) Importer(815301076,1909f56bfc062723c751e8b465ee728b)
Start importing Assets/TheSingleton/Packages using Guid(1a63ffd9c8af9b8488126f2ce974a6e0) Importer(815301076,1909f56bfc062723c751e8b465ee728b)  -> (artifact id: '5dc135b975b08eaed28bc5eacb995066') in 0.014874 seconds 
  Import took 0.018065 seconds .

========================================================================
Received Import Request.
  Time since last request: 6.292113 seconds.
  path: Assets/TheSingleton/Scripts
  artifactKey: Guid(371fb9847d694104e948f5598255a3b6) Importer(815301076,1909f56bfc062723c751e8b465ee728b)
Start importing Assets/TheSingleton/Scripts using Guid(371fb9847d694104e948f5598255a3b6) Importer(815301076,1909f56bfc062723c751e8b465ee728b)  -> (artifact id: '02c77463b5a74cea75873e40755de7d2') in 0.005537 seconds 
  Import took 0.024382 seconds .

========================================================================
Received Import Request.
  Time since last request: 17.587814 seconds.
  path: Assets/TheSingleton/Packages/SingletonStarter
  artifactKey: Guid(2e21394ff85ae6740908b57bae41a649) Importer(815301076,1909f56bfc062723c751e8b465ee728b)
Start importing Assets/TheSingleton/Packages/SingletonStarter using Guid(2e21394ff85ae6740908b57bae41a649) Importer(815301076,1909f56bfc062723c751e8b465ee728b)  -> (artifact id: 'bf9459f479b9564b2b8084d35b9a9c29') in 0.010648 seconds 
  Import took 0.013897 seconds .

========================================================================
Received Import Request.
  Time since last request: 3.072225 seconds.
  path: Assets/TheSingleton/Packages/SingletonStarter/SingletonStarter.unitypackage
  artifactKey: Guid(61d3d944f254af443993748f06c1e834) Importer(815301076,1909f56bfc062723c751e8b465ee728b)
Start importing Assets/TheSingleton/Packages/SingletonStarter/SingletonStarter.unitypackage using Guid(61d3d944f254af443993748f06c1e834) Importer(815301076,1909f56bfc062723c751e8b465ee728b)  -> (artifact id: '2dcd18bbfb9bca6c06d6858bebd054ff') in 0.109347 seconds 
  Import took 0.112321 seconds .

